<?xml version="1.0" encoding="UTF-8"?>
<!-- Generated by org.testng.reporters.JUnitXMLReporter -->
<testsuite hostname="Ers-MacBook-Air.local" ignored="0" name="CheckoutPageTest Page test Cases" tests="2" failures="0" timestamp="20 May 2019 22:19:31 GMT" time="0.132" errors="0">
  <testcase name="validateCheckoutPageTitle" time="0.015" classname="com.qa.testcases.CheckoutPageTest"/>
  <testcase name="validateCartDetails" time="0.11" classname="com.qa.testcases.CheckoutPageTest"/>
</testsuite> <!-- CheckoutPageTest Page test Cases -->
