<?xml version="1.0" encoding="UTF-8"?>
<!-- Generated by org.testng.reporters.JUnitXMLReporter -->
<testsuite hostname="Ers-MacBook-Air.local" ignored="0" name="Login Page est Cases" tests="9" failures="0" timestamp="20 May 2019 23:21:06 GMT" time="249.044" errors="0">
  <testcase name="loginPageTitleTest" time="0.414" classname="com.qa.testcases.LoginPageTest"/>
  <testcase name="validateSearchPageTitleTest" time="0.551" classname="com.qa.testcases.SearchPageTest"/>
  <testcase name="validateCheckoutPageTitle" time="0.352" classname="com.qa.testcases.CheckoutPageTest"/>
  <testcase name="loginPageAllDepartments" time="2.703" classname="com.qa.testcases.LoginPageTest"/>
  <testcase name="validateSearchResults" time="0.044" classname="com.qa.testcases.SearchPageTest"/>
  <testcase name="validateCartDetails" time="1.232" classname="com.qa.testcases.CheckoutPageTest"/>
  <testcase name="loginPageBrokenLinkTest" time="121.299" classname="com.qa.testcases.LoginPageTest"/>
  <testcase name="validateAddtoCart" time="3.922" classname="com.qa.testcases.SearchPageTest"/>
  <testcase name="logintoHomepage" time="4.141" classname="com.qa.testcases.LoginPageTest"/>
</testsuite> <!-- Login Page est Cases -->
