<?xml version="1.0" encoding="UTF-8"?>
<!-- Generated by org.testng.reporters.JUnitXMLReporter -->
<testsuite hostname="Ers-MacBook-Air.local" ignored="0" name="Default test" tests="2" failures="0" timestamp="20 May 2019 22:02:09 GMT" time="2.379" errors="0">
  <testcase name="validateCheckoutPageTitle" time="1.772" classname="com.qa.testcases.CheckoutPageTest"/>
  <testcase name="validateCartDetails" time="0.177" classname="com.qa.testcases.CheckoutPageTest"/>
</testsuite> <!-- Default test -->
