<?xml version="1.0" encoding="UTF-8"?>
<testng-results skipped="0" failed="0" ignored="0" total="9" passed="9">
  <reporter-output>
  </reporter-output>
  <suite name="Automation Sanity Test Suite" duration-ms="249044" started-at="2019-05-20T23:16:57Z" finished-at="2019-05-20T23:21:06Z">
    <groups>
    </groups>
    <test name="Login Page est Cases" duration-ms="249044" started-at="2019-05-20T23:16:57Z" finished-at="2019-05-20T23:21:06Z">
      <class name="com.qa.testcases.SearchPageTest">
        <test-method status="PASS" signature="setUp()[pri:0, instance:com.qa.testcases.SearchPageTest@f6c48ac]" name="setUp" is-config="true" duration-ms="11782" started-at="2019-05-20T19:17:12Z" finished-at="2019-05-20T19:17:24Z">
          <reporter-output>
          </reporter-output>
        </test-method> <!-- setUp -->
        <test-method status="PASS" signature="validateSearchPageTitleTest()[pri:1, instance:com.qa.testcases.SearchPageTest@f6c48ac]" name="validateSearchPageTitleTest" duration-ms="551" started-at="2019-05-20T19:17:24Z" finished-at="2019-05-20T19:17:24Z">
          <reporter-output>
          </reporter-output>
        </test-method> <!-- validateSearchPageTitleTest -->
        <test-method status="PASS" signature="tearDown()[pri:0, instance:com.qa.testcases.SearchPageTest@f6c48ac]" name="tearDown" is-config="true" duration-ms="236" started-at="2019-05-20T19:17:24Z" finished-at="2019-05-20T19:17:24Z">
          <reporter-output>
          </reporter-output>
        </test-method> <!-- tearDown -->
        <test-method status="PASS" signature="setUp()[pri:0, instance:com.qa.testcases.SearchPageTest@f6c48ac]" name="setUp" is-config="true" duration-ms="13019" started-at="2019-05-20T19:17:58Z" finished-at="2019-05-20T19:18:11Z">
          <reporter-output>
          </reporter-output>
        </test-method> <!-- setUp -->
        <test-method status="PASS" signature="validateSearchResults()[pri:2, instance:com.qa.testcases.SearchPageTest@f6c48ac]" name="validateSearchResults" duration-ms="44" started-at="2019-05-20T19:18:11Z" finished-at="2019-05-20T19:18:11Z">
          <reporter-output>
          </reporter-output>
        </test-method> <!-- validateSearchResults -->
        <test-method status="PASS" signature="tearDown()[pri:0, instance:com.qa.testcases.SearchPageTest@f6c48ac]" name="tearDown" is-config="true" duration-ms="245" started-at="2019-05-20T19:18:11Z" finished-at="2019-05-20T19:18:11Z">
          <reporter-output>
          </reporter-output>
        </test-method> <!-- tearDown -->
        <test-method status="PASS" signature="setUp()[pri:0, instance:com.qa.testcases.SearchPageTest@f6c48ac]" name="setUp" is-config="true" duration-ms="12774" started-at="2019-05-20T19:20:39Z" finished-at="2019-05-20T19:20:52Z">
          <reporter-output>
          </reporter-output>
        </test-method> <!-- setUp -->
        <test-method status="PASS" signature="validateAddtoCart()[pri:3, instance:com.qa.testcases.SearchPageTest@f6c48ac]" name="validateAddtoCart" duration-ms="3922" started-at="2019-05-20T19:20:52Z" finished-at="2019-05-20T19:20:56Z">
          <reporter-output>
          </reporter-output>
        </test-method> <!-- validateAddtoCart -->
        <test-method status="PASS" signature="tearDown()[pri:0, instance:com.qa.testcases.SearchPageTest@f6c48ac]" name="tearDown" is-config="true" duration-ms="356" started-at="2019-05-20T19:20:56Z" finished-at="2019-05-20T19:20:56Z">
          <reporter-output>
          </reporter-output>
        </test-method> <!-- tearDown -->
      </class> <!-- com.qa.testcases.SearchPageTest -->
      <class name="com.qa.testcases.CheckoutPageTest">
        <test-method status="PASS" signature="setUp()[pri:0, instance:com.qa.testcases.CheckoutPageTest@13deb50e]" name="setUp" is-config="true" duration-ms="23141" started-at="2019-05-20T19:17:24Z" finished-at="2019-05-20T19:17:48Z">
          <reporter-output>
          </reporter-output>
        </test-method> <!-- setUp -->
        <test-method status="PASS" signature="validateCheckoutPageTitle()[pri:1, instance:com.qa.testcases.CheckoutPageTest@13deb50e]" name="validateCheckoutPageTitle" duration-ms="352" started-at="2019-05-20T19:17:48Z" finished-at="2019-05-20T19:17:48Z">
          <reporter-output>
          </reporter-output>
        </test-method> <!-- validateCheckoutPageTitle -->
        <test-method status="PASS" signature="tearDown()[pri:0, instance:com.qa.testcases.CheckoutPageTest@13deb50e]" name="tearDown" is-config="true" duration-ms="297" started-at="2019-05-20T19:17:48Z" finished-at="2019-05-20T19:17:48Z">
          <reporter-output>
          </reporter-output>
        </test-method> <!-- tearDown -->
        <test-method status="PASS" signature="setUp()[pri:0, instance:com.qa.testcases.CheckoutPageTest@13deb50e]" name="setUp" is-config="true" duration-ms="18222" started-at="2019-05-20T19:18:11Z" finished-at="2019-05-20T19:18:30Z">
          <reporter-output>
          </reporter-output>
        </test-method> <!-- setUp -->
        <test-method status="PASS" signature="validateCartDetails()[pri:2, instance:com.qa.testcases.CheckoutPageTest@13deb50e]" name="validateCartDetails" duration-ms="1232" started-at="2019-05-20T19:18:30Z" finished-at="2019-05-20T19:18:31Z">
          <reporter-output>
          </reporter-output>
        </test-method> <!-- validateCartDetails -->
        <test-method status="PASS" signature="tearDown()[pri:0, instance:com.qa.testcases.CheckoutPageTest@13deb50e]" name="tearDown" is-config="true" duration-ms="293" started-at="2019-05-20T19:18:31Z" finished-at="2019-05-20T19:18:31Z">
          <reporter-output>
          </reporter-output>
        </test-method> <!-- tearDown -->
      </class> <!-- com.qa.testcases.CheckoutPageTest -->
      <class name="com.qa.testcases.LoginPageTest">
        <test-method status="PASS" signature="setUp()[pri:0, instance:com.qa.testcases.LoginPageTest@464bee09]" name="setUp" is-config="true" duration-ms="13872" started-at="2019-05-20T19:16:57Z" finished-at="2019-05-20T19:17:11Z">
          <reporter-output>
          </reporter-output>
        </test-method> <!-- setUp -->
        <test-method status="PASS" signature="loginPageTitleTest()[pri:1, instance:com.qa.testcases.LoginPageTest@464bee09]" name="loginPageTitleTest" duration-ms="414" started-at="2019-05-20T19:17:11Z" finished-at="2019-05-20T19:17:11Z">
          <reporter-output>
          </reporter-output>
        </test-method> <!-- loginPageTitleTest -->
        <test-method status="PASS" signature="tearDown()[pri:0, instance:com.qa.testcases.LoginPageTest@464bee09]" name="tearDown" is-config="true" duration-ms="392" started-at="2019-05-20T19:17:11Z" finished-at="2019-05-20T19:17:12Z">
          <reporter-output>
          </reporter-output>
        </test-method> <!-- tearDown -->
        <test-method status="PASS" signature="setUp()[pri:0, instance:com.qa.testcases.LoginPageTest@464bee09]" name="setUp" is-config="true" duration-ms="6928" started-at="2019-05-20T19:17:48Z" finished-at="2019-05-20T19:17:55Z">
          <reporter-output>
          </reporter-output>
        </test-method> <!-- setUp -->
        <test-method status="PASS" signature="loginPageAllDepartments()[pri:2, instance:com.qa.testcases.LoginPageTest@464bee09]" name="loginPageAllDepartments" duration-ms="2703" started-at="2019-05-20T19:17:55Z" finished-at="2019-05-20T19:17:58Z">
          <reporter-output>
          </reporter-output>
        </test-method> <!-- loginPageAllDepartments -->
        <test-method status="PASS" signature="tearDown()[pri:0, instance:com.qa.testcases.LoginPageTest@464bee09]" name="tearDown" is-config="true" duration-ms="269" started-at="2019-05-20T19:17:58Z" finished-at="2019-05-20T19:17:58Z">
          <reporter-output>
          </reporter-output>
        </test-method> <!-- tearDown -->
        <test-method status="PASS" signature="setUp()[pri:0, instance:com.qa.testcases.LoginPageTest@464bee09]" name="setUp" is-config="true" duration-ms="6133" started-at="2019-05-20T19:18:31Z" finished-at="2019-05-20T19:18:37Z">
          <reporter-output>
          </reporter-output>
        </test-method> <!-- setUp -->
        <test-method status="PASS" signature="loginPageBrokenLinkTest()[pri:3, instance:com.qa.testcases.LoginPageTest@464bee09]" name="loginPageBrokenLinkTest" duration-ms="121299" started-at="2019-05-20T19:18:37Z" finished-at="2019-05-20T19:20:39Z">
          <reporter-output>
          </reporter-output>
        </test-method> <!-- loginPageBrokenLinkTest -->
        <test-method status="PASS" signature="tearDown()[pri:0, instance:com.qa.testcases.LoginPageTest@464bee09]" name="tearDown" is-config="true" duration-ms="267" started-at="2019-05-20T19:20:39Z" finished-at="2019-05-20T19:20:39Z">
          <reporter-output>
          </reporter-output>
        </test-method> <!-- tearDown -->
        <test-method status="PASS" signature="setUp()[pri:0, instance:com.qa.testcases.LoginPageTest@464bee09]" name="setUp" is-config="true" duration-ms="5775" started-at="2019-05-20T19:20:56Z" finished-at="2019-05-20T19:21:02Z">
          <reporter-output>
          </reporter-output>
        </test-method> <!-- setUp -->
        <test-method status="PASS" signature="logintoHomepage()[pri:4, instance:com.qa.testcases.LoginPageTest@464bee09]" name="logintoHomepage" duration-ms="4141" started-at="2019-05-20T19:21:02Z" finished-at="2019-05-20T19:21:06Z">
          <reporter-output>
          </reporter-output>
        </test-method> <!-- logintoHomepage -->
        <test-method status="PASS" signature="tearDown()[pri:0, instance:com.qa.testcases.LoginPageTest@464bee09]" name="tearDown" is-config="true" duration-ms="294" started-at="2019-05-20T19:21:06Z" finished-at="2019-05-20T19:21:06Z">
          <reporter-output>
          </reporter-output>
        </test-method> <!-- tearDown -->
      </class> <!-- com.qa.testcases.LoginPageTest -->
    </test> <!-- Login Page est Cases -->
  </suite> <!-- Automation Sanity Test Suite -->
</testng-results>
